#
# A fatal error has been detected by the Java Runtime Environment:
#
#  EXCEPTION_ACCESS_VIOLATION (0xc0000005) at pc=0x6330757e, pid=7432, tid=0x00002f74
#
# JRE version: Java(TM) SE Runtime Environment (8.0_191-b12) (build 1.8.0_191-b12)
# Java VM: Java HotSpot(TM) Client VM (25.191-b12 mixed mode windows-x86 )
# Problematic frame:
# V  [jvm.dll+0xe757e]
#
# Failed to write core dump. Minidumps are not enabled by default on client versions of Windows
#
# If you would like to submit a bug report, please visit:
#   http://bugreport.java.com/bugreport/crash.jsp
#

---------------  T H R E A D  ---------------

Current thread (0x2780c800):  JavaThread "EventThread COM16" [_thread_in_vm, id=12148, stack(0x2c060000,0x2c0b0000)]

siginfo: ExceptionCode=0xc0000005, reading address 0x00000000

Registers:
EAX=0x00000000, EBX=0x27cdfd90, ECX=0x2780c800, EDX=0x0000009f
ESP=0x2c0ac63c, EBP=0x2c0ac658, ESI=0x00000000, EDI=0x2780c800
EIP=0x6330757e, EFLAGS=0x00010246

Top of Stack: (sp=0x2c0ac63c)
0x2c0ac63c:   2c0ac674 2780c940 27cdfd90 2780c800
0x2c0ac64c:   2712181c 0000009f 63505568 2c0af618
0x2c0ac65c:   6400183d 2780c940 00000000 00000000
0x2c0ac66c:   00002f5c 2c0ac674 0a0d3020 3120312d
0x2c0ac67c:   30203239 312d0a0d 32393120 0a0d3020
0x2c0ac68c:   3120312d 30203239 312d0a0d 32393120
0x2c0ac69c:   0a0d3020 3120312d 30203339 312d0a0d
0x2c0ac6ac:   33393120 0a0d3020 3120312d 30203139 

Instructions: (pc=0x6330757e)
0x6330755e:   c4 08 83 7f 04 00 89 7d f0 c7 45 f4 00 00 00 00
0x6330756e:   74 08 8d 4d f0 e8 e8 34 0c 00 8b 75 10 8b 45 0c
0x6330757e:   8b 10 85 f6 78 32 8b 45 14 85 c0 78 2b 8d 0c 06
0x6330758e:   3b 4a 08 77 23 85 c0 7e 3b 8b 4a 04 8b 49 04 83 


Register to memory mapping:

EAX=0x00000000 is an unknown value
EBX=0x27cdfd90 is an unknown value
ECX=0x2780c800 is a thread
EDX=0x0000009f is an unknown value
ESP=0x2c0ac63c is pointing into the stack for thread: 0x2780c800
EBP=0x2c0ac658 is pointing into the stack for thread: 0x2780c800
ESI=0x00000000 is an unknown value
EDI=0x2780c800 is a thread


Stack: [0x2c060000,0x2c0b0000],  sp=0x2c0ac63c,  free space=305k
Native frames: (J=compiled Java code, j=interpreted, Vv=VM code, C=native code)
V  [jvm.dll+0xe757e]
C  [jSSC-2.8_x86.dll+0x183d]
J 16420  jssc.SerialNativeInterface.readBytes(JI)[B (0 bytes) @ 0x0279caa5 [0x0279ca10+0x95]
J 150312 C1 processing.app.Serial.serialEvent(Ljssc/SerialPortEvent;)V (195 bytes) @ 0x02aa82b4 [0x02aa8180+0x134]
J 115857 C1 jssc.SerialPort$EventThread.run()V (84 bytes) @ 0x026c9acc [0x026c9970+0x15c]
v  ~StubRoutines::call_stub
V  [jvm.dll+0x15c315]
V  [jvm.dll+0x223ece]
V  [jvm.dll+0x15c3ae]
V  [jvm.dll+0x15c536]
V  [jvm.dll+0x15c5a7]
V  [jvm.dll+0x1002ef]
V  [jvm.dll+0x17f550]
V  [jvm.dll+0x17fdca]
V  [jvm.dll+0x1c57a6]
C  [msvcr100.dll+0x5c556]
C  [msvcr100.dll+0x5c600]
C  [KERNEL32.DLL+0x18494]
C  [ntdll.dll+0x641c8]
C  [ntdll.dll+0x64198]
C  0x00000000

Java frames: (J=compiled Java code, j=interpreted, Vv=VM code)
J 16420  jssc.SerialNativeInterface.readBytes(JI)[B (0 bytes) @ 0x0279ca61 [0x0279ca10+0x51]
J 150312 C1 processing.app.Serial.serialEvent(Ljssc/SerialPortEvent;)V (195 bytes) @ 0x02aa82b4 [0x02aa8180+0x134]
J 115857 C1 jssc.SerialPort$EventThread.run()V (84 bytes) @ 0x026c9acc [0x026c9970+0x15c]
v  ~StubRoutines::call_stub

---------------  P R O C E S S  ---------------

Java Threads: ( => current thread )
  0x2780cc00 JavaThread "Thread-1308" [_thread_blocked, id=23916, stack(0x28ea0000,0x28ef0000)]
=>0x2780c800 JavaThread "EventThread COM16" [_thread_in_vm, id=12148, stack(0x2c060000,0x2c0b0000)]
  0x2780a800 JavaThread "Timer-21" [_thread_blocked, id=9400, stack(0x2c5f0000,0x2c640000)]
  0x27809400 JavaThread "Timer-20" [_thread_blocked, id=23548, stack(0x28350000,0x283a0000)]
  0x29521400 JavaThread "JmDNS(TPW8.local.).State.Timer" [_thread_blocked, id=24748, stack(0x2e430000,0x2e480000)]
  0x29520800 JavaThread "JmDNS(TPW8.local.).Timer" daemon [_thread_blocked, id=11852, stack(0x2e3a0000,0x2e3f0000)]
  0x2951ec00 JavaThread "SocketListener(TPW8.local.)" daemon [_thread_blocked, id=25608, stack(0x2e310000,0x2e360000)]
  0x2951e800 JavaThread "JmDNS(TPW8.local.).State.Timer" [_thread_blocked, id=7136, stack(0x2ca40000,0x2ca90000)]
  0x2951f400 JavaThread "JmDNS(TPW8.local.).Timer" daemon [_thread_blocked, id=10564, stack(0x2c920000,0x2c970000)]
  0x2951e000 JavaThread "SocketListener(TPW8.local.)" daemon [_thread_blocked, id=24228, stack(0x2c6e0000,0x2c730000)]
  0x29524000 JavaThread "JmDNS(TPW8.local.).State.Timer" [_thread_blocked, id=26324, stack(0x2c650000,0x2c6a0000)]
  0x29523800 JavaThread "JmDNS(TPW8.local.).Timer" daemon [_thread_blocked, id=24652, stack(0x2c0b0000,0x2c100000)]
  0x29525800 JavaThread "SocketListener(TPW8.local.)" daemon [_thread_blocked, id=7848, stack(0x283a0000,0x283f0000)]
  0x29523400 JavaThread "JmDNS(TPW8.local.).State.Timer" [_thread_blocked, id=5184, stack(0x26860000,0x268b0000)]
  0x29520000 JavaThread "JmDNS(TPW8.local.).Timer" daemon [_thread_blocked, id=23560, stack(0x24dd0000,0x24e20000)]
  0x29520c00 JavaThread "Timer-19" [_thread_blocked, id=4516, stack(0x2e280000,0x2e2d0000)]
  0x29522c00 JavaThread "Timer-18" [_thread_blocked, id=5888, stack(0x2cb60000,0x2cbb0000)]
  0x2951f800 JavaThread "Timer-17" [_thread_blocked, id=9484, stack(0x2cad0000,0x2cb20000)]
  0x29524c00 JavaThread "Timer-16" [_thread_blocked, id=24068, stack(0x2c9b0000,0x2ca00000)]
  0x29521800 JavaThread "Timer-15" [_thread_blocked, id=11776, stack(0x2c890000,0x2c8e0000)]
  0x27490c00 JavaThread "Timer-14" [_thread_blocked, id=13028, stack(0x2c800000,0x2c850000)]
  0x27321400 JavaThread "Timer-13" [_thread_blocked, id=14468, stack(0x2c770000,0x2c7c0000)]
  0x2780bc00 JavaThread "Timer-12" [_thread_blocked, id=8020, stack(0x284c0000,0x28510000)]
  0x2748f800 JavaThread "JmDNS(TPW8.local.).State.Timer" [_thread_blocked, id=15180, stack(0x2c4e0000,0x2c530000)]
  0x2748e000 JavaThread "JmDNS(TPW8.local.).Timer" daemon [_thread_blocked, id=13872, stack(0x2c450000,0x2c4a0000)]
  0x27490000 JavaThread "Timer-6" [_thread_blocked, id=20048, stack(0x2c330000,0x2c380000)]
  0x2748ec00 JavaThread "Timer-5" [_thread_blocked, id=19080, stack(0x2c2a0000,0x2c2f0000)]
  0x2748f000 JavaThread "Timer-4" [_thread_blocked, id=16460, stack(0x2c210000,0x2c260000)]
  0x27321000 JavaThread "Timer-3" [_thread_blocked, id=5620, stack(0x2c180000,0x2c1d0000)]
  0x2780b000 JavaThread "Timer-2" [_thread_blocked, id=16220, stack(0x28e10000,0x28e60000)]
  0x2780ec00 JavaThread "JmDNS(TPW8.local.).State.Timer" [_thread_blocked, id=20668, stack(0x28d80000,0x28dd0000)]
  0x2780e000 JavaThread "JmDNS(TPW8.local.).Timer" daemon [_thread_blocked, id=9932, stack(0x28b90000,0x28be0000)]
  0x27809c00 JavaThread "JmDNS(TPW8.local.).State.Timer" [_thread_blocked, id=608, stack(0x26aa0000,0x26af0000)]
  0x27320000 JavaThread "JmDNS(TPW8.local.).Timer" daemon [_thread_blocked, id=10704, stack(0x26a10000,0x26a60000)]
  0x2780f400 JavaThread "JmDNS(TPW8.local.).State.Timer" [_thread_blocked, id=18936, stack(0x26ea0000,0x26ef0000)]
  0x2780e800 JavaThread "JmDNS(TPW8.local.).Timer" daemon [_thread_blocked, id=2344, stack(0x26c10000,0x26c60000)]
  0x27810800 JavaThread "DestroyJavaVM" [_thread_blocked, id=4948, stack(0x00e70000,0x00ec0000)]
  0x2780dc00 JavaThread "TimerQueue" daemon [_thread_blocked, id=24148, stack(0x2a040000,0x2a090000)]
  0x27809000 JavaThread "AWT-EventQueue-0" [_thread_blocked, id=11012, stack(0x28a40000,0x28a90000)]
  0x2780b400 JavaThread "AWT-Shutdown" [_thread_blocked, id=4152, stack(0x289b0000,0x28a00000)]
  0x27320800 JavaThread "Batik CleanerThread" daemon [_thread_blocked, id=5820, stack(0x28470000,0x284c0000)]
  0x2721d400 JavaThread "Multihomed mDNS.Timer" daemon [_thread_blocked, id=22928, stack(0x26580000,0x265d0000)]
  0x2721d000 JavaThread "cc.arduino.packages.discoverers.serial.SerialDiscovery" [_thread_blocked, id=18572, stack(0x27e10000,0x27e60000)]
  0x2612b800 JavaThread "AWT-Windows" daemon [_thread_blocked, id=9968, stack(0x26610000,0x26660000)]
  0x2612a000 JavaThread "Java2D Disposer" daemon [_thread_blocked, id=10640, stack(0x264f0000,0x26540000)]
  0x24be8000 JavaThread "Service Thread" daemon [_thread_blocked, id=13968, stack(0x25db0000,0x25e00000)]
  0x24bce000 JavaThread "C1 CompilerThread0" daemon [_thread_blocked, id=20272, stack(0x25d20000,0x25d70000)]
  0x24bcc400 JavaThread "Attach Listener" daemon [_thread_blocked, id=6180, stack(0x25c90000,0x25ce0000)]
  0x24bca400 JavaThread "Signal Dispatcher" daemon [_thread_blocked, id=10348, stack(0x25c00000,0x25c50000)]
  0x24bac800 JavaThread "Finalizer" daemon [_thread_blocked, id=11080, stack(0x25a50000,0x25aa0000)]
  0x24ba6800 JavaThread "Reference Handler" daemon [_thread_blocked, id=23732, stack(0x259c0000,0x25a10000)]

Other Threads:
  0x24b90800 VMThread [stack: 0x25970000,0x259c0000] [id=21840]
  0x24bc6800 WatcherThread [stack: 0x25e40000,0x25e90000] [id=22676]

VM state:synchronizing (normal execution)

VM Mutex/Monitor currently owned by a thread:  ([mutex/lock_event])
[0x0032e000] Threads_lock - owner thread: 0x24b90800
[0x0032db88] Heap_lock - owner thread: 0x2721d000

Heap:
 def new generation   total 157248K, used 157247K [0x04600000, 0x0f0a0000, 0x0f0a0000)
  eden space 139776K, 100% used [0x04600000, 0x0ce80000, 0x0ce80000)
  from space 17472K,  99% used [0x0ce80000, 0x0df8fff8, 0x0df90000)
  to   space 17472K,   0% used [0x0df90000, 0x0df90000, 0x0f0a0000)
 tenured generation   total 349568K, used 349568K [0x0f0a0000, 0x24600000, 0x24600000)
   the space 349568K, 100% used [0x0f0a0000, 0x24600000, 0x24600000, 0x24600000)
 Metaspace       used 22418K, capacity 23137K, committed 24576K, reserved 24960K

Card table byte_map: [0x00fd0000,0x010e0000] byte_map_base: 0x00fad000

Polling page: 0x00090000

CodeCache: size=32768Kb used=2461Kb max_used=5176Kb free=30306Kb
 bounds [0x025c0000, 0x02ad0000, 0x045c0000]
 total_blobs=1328 nmethods=1045 adapters=210
 compilation: enabled

Compilation events (10 events):
Event: 287620.642 Thread 0x24bce000 151097             java.lang.Integer::intValue (5 bytes)
Event: 287620.642 Thread 0x24bce000 nmethod 151097 0x026b0d48 code [0x026b0e40, 0x026b0ec0]
Event: 287620.643 Thread 0x24bce000 151098             java.lang.Integer::equals (29 bytes)
Event: 287620.643 Thread 0x24bce000 nmethod 151098 0x026df188 code [0x026df280, 0x026df380]
Event: 287622.198 Thread 0x24bce000 151099             java.awt.Container::getMouseEventTarget (50 bytes)
Event: 287622.199 Thread 0x24bce000 nmethod 151099 0x0269b048 code [0x0269b150, 0x0269b288]
Event: 287622.293 Thread 0x24bce000 151100             java.util.HashMap$HashIterator::<init> (79 bytes)
Event: 287622.293 Thread 0x24bce000 nmethod 151100 0x02abbd88 code [0x02abbe80, 0x02abbfb0]
Event: 287622.294 Thread 0x24bce000 151101             java.lang.String::startsWith (7 bytes)
Event: 287622.295 Thread 0x24bce000 nmethod 151101 0x0280d3c8 code [0x0280d4c0, 0x0280d55c]

GC Heap History (10 events):
Event: 287686.082 GC heap before
{Heap before GC invocations=937 (full 358):
 def new generation   total 157248K, used 157247K [0x04600000, 0x0f0a0000, 0x0f0a0000)
  eden space 139776K, 100% used [0x04600000, 0x0ce80000, 0x0ce80000)
  from space 17472K,  99% used [0x0ce80000, 0x0df8fff8, 0x0df90000)
  to   space 17472K,   0% used [0x0df90000, 0x0df90000, 0x0f0a0000)
 tenured generation   total 349568K, used 349568K [0x0f0a0000, 0x24600000, 0x24600000)
   the space 349568K, 100% used [0x0f0a0000, 0x24600000, 0x24600000, 0x24600000)
 Metaspace       used 22418K, capacity 23137K, committed 24576K, reserved 24960K
Event: 287687.394 GC heap after
Heap after GC invocations=938 (full 359):
 def new generation   total 157248K, used 157247K [0x04600000, 0x0f0a0000, 0x0f0a0000)
  eden space 139776K,  99% used [0x04600000, 0x0ce7ffd0, 0x0ce80000)
  from space 17472K,  99% used [0x0ce80000, 0x0df8fff8, 0x0df90000)
  to   space 17472K,   0% used [0x0df90000, 0x0df90000, 0x0f0a0000)
 tenured generation   total 349568K, used 349568K [0x0f0a0000, 0x24600000, 0x24600000)
   the space 349568K, 100% used [0x0f0a0000, 0x24600000, 0x24600000, 0x24600000)
 Metaspace       used 22418K, capacity 23137K, committed 24576K, reserved 24960K
}
Event: 287687.394 GC heap before
{Heap before GC invocations=938 (full 359):
 def new generation   total 157248K, used 157247K [0x04600000, 0x0f0a0000, 0x0f0a0000)
  eden space 139776K, 100% used [0x04600000, 0x0ce80000, 0x0ce80000)
  from space 17472K,  99% used [0x0ce80000, 0x0df8fff8, 0x0df90000)
  to   space 17472K,   0% used [0x0df90000, 0x0df90000, 0x0f0a0000)
 tenured generation   total 349568K, used 349568K [0x0f0a0000, 0x24600000, 0x24600000)
   the space 349568K, 100% used [0x0f0a0000, 0x24600000, 0x24600000, 0x24600000)
 Metaspace       used 22418K, capacity 23137K, committed 24576K, reserved 24960K
Event: 287689.047 GC heap after
Heap after GC invocations=939 (full 360):
 def new generation   total 157248K, used 157247K [0x04600000, 0x0f0a0000, 0x0f0a0000)
  eden space 139776K,  99% used [0x04600000, 0x0ce7ffd0, 0x0ce80000)
  from space 17472K,  99% used [0x0ce80000, 0x0df8fff8, 0x0df90000)
  to   space 17472K,   0% used [0x0df90000, 0x0df90000, 0x0f0a0000)
 tenured generation   total 349568K, used 349568K [0x0f0a0000, 0x24600000, 0x24600000)
   the space 349568K, 100% used [0x0f0a0000, 0x24600000, 0x24600000, 0x24600000)
 Metaspace       used 22418K, capacity 23137K, committed 24576K, reserved 24960K
}
Event: 287689.047 GC heap before
{Heap before GC invocations=939 (full 360):
 def new generation   total 157248K, used 157247K [0x04600000, 0x0f0a0000, 0x0f0a0000)
  eden space 139776K,  99% used [0x04600000, 0x0ce7ffd0, 0x0ce80000)
  from space 17472K,  99% used [0x0ce80000, 0x0df8fff8, 0x0df90000)
  to   space 17472K,   0% used [0x0df90000, 0x0df90000, 0x0f0a0000)
 tenured generation   total 349568K, used 349568K [0x0f0a0000, 0x24600000, 0x24600000)
   the space 349568K, 100% used [0x0f0a0000, 0x24600000, 0x24600000, 0x24600000)
 Metaspace       used 22418K, capacity 23137K, committed 24576K, reserved 24960K
Event: 287690.399 GC heap after
Heap after GC invocations=940 (full 361):
 def new generation   total 157248K, used 157247K [0x04600000, 0x0f0a0000, 0x0f0a0000)
  eden space 139776K,  99% used [0x04600000, 0x0ce7ffd0, 0x0ce80000)
  from space 17472K,  99% used [0x0ce80000, 0x0df8fff8, 0x0df90000)
  to   space 17472K,   0% used [0x0df90000, 0x0df90000, 0x0f0a0000)
 tenured generation   total 349568K, used 349568K [0x0f0a0000, 0x24600000, 0x24600000)
   the space 349568K, 100% used [0x0f0a0000, 0x24600000, 0x24600000, 0x24600000)
 Metaspace       used 22418K, capacity 23137K, committed 24576K, reserved 24960K
}
Event: 287690.399 GC heap before
{Heap before GC invocations=940 (full 361):
 def new generation   total 157248K, used 157247K [0x04600000, 0x0f0a0000, 0x0f0a0000)
  eden space 139776K,  99% used [0x04600000, 0x0ce7ffe0, 0x0ce80000)
  from space 17472K,  99% used [0x0ce80000, 0x0df8fff8, 0x0df90000)
  to   space 17472K,   0% used [0x0df90000, 0x0df90000, 0x0f0a0000)
 tenured generation   total 349568K, used 349568K [0x0f0a0000, 0x24600000, 0x24600000)
   the space 349568K, 100% used [0x0f0a0000, 0x24600000, 0x24600000, 0x24600000)
 Metaspace       used 22418K, capacity 23137K, committed 24576K, reserved 24960K
Event: 287691.755 GC heap after
Heap after GC invocations=941 (full 362):
 def new generation   total 157248K, used 157247K [0x04600000, 0x0f0a0000, 0x0f0a0000)
  eden space 139776K,  99% used [0x04600000, 0x0ce7ffe0, 0x0ce80000)
  from space 17472K,  99% used [0x0ce80000, 0x0df8fff8, 0x0df90000)
  to   space 17472K,   0% used [0x0df90000, 0x0df90000, 0x0f0a0000)
 tenured generation   total 349568K, used 349568K [0x0f0a0000, 0x24600000, 0x24600000)
   the space 349568K, 100% used [0x0f0a0000, 0x24600000, 0x24600000, 0x24600000)
 Metaspace       used 22418K, capacity 23137K, committed 24576K, reserved 24960K
}
Event: 287691.755 GC heap before
{Heap before GC invocations=941 (full 362):
 def new generation   total 157248K, used 157247K [0x04600000, 0x0f0a0000, 0x0f0a0000)
  eden space 139776K,  99% used [0x04600000, 0x0ce7ffe0, 0x0ce80000)
  from space 17472K,  99% used [0x0ce80000, 0x0df8fff8, 0x0df90000)
  to   space 17472K,   0% used [0x0df90000, 0x0df90000, 0x0f0a0000)
 tenured generation   total 349568K, used 349568K [0x0f0a0000, 0x24600000, 0x24600000)
   the space 349568K, 100% used [0x0f0a0000, 0x24600000, 0x24600000, 0x24600000)
 Metaspace       used 22418K, capacity 23137K, committed 24576K, reserved 24960K
Event: 287693.127 GC heap after
Heap after GC invocations=942 (full 363):
 def new generation   total 157248K, used 157247K [0x04600000, 0x0f0a0000, 0x0f0a0000)
  eden space 139776K,  99% used [0x04600000, 0x0ce7ffe0, 0x0ce80000)
  from space 17472K,  99% used [0x0ce80000, 0x0df8fff8, 0x0df90000)
  to   space 17472K,   0% used [0x0df90000, 0x0df90000, 0x0f0a0000)
 tenured generation   total 349568K, used 349568K [0x0f0a0000, 0x24600000, 0x24600000)
   the space 349568K, 100% used [0x0f0a0000, 0x24600000, 0x24600000, 0x24600000)
 Metaspace       used 22418K, capacity 23137K, committed 24576K, reserved 24960K
}

Deoptimization events (0 events):
No events

Classes redefined (0 events):
No events

Internal exceptions (10 events):
Event: 287656.813 Thread 0x29523400 Exception <a 'java/lang/OutOfMemoryError'> (0x0f1330f8) thrown at [C:\workspace\8-2-build-windows-i586-cygwin\jdk8u191\11896\hotspot\src\share\vm\gc_interface/collectedHeap.inline.hpp, line 159]
Event: 287659.479 Thread 0x29523400 Exception <a 'java/io/IOException'> (0x0ce7fb28) thrown at [C:\workspace\8-2-build-windows-i586-cygwin\jdk8u191\11896\hotspot\src\share\vm\prims\jni.cpp, line 709]
Event: 287659.479 Thread 0x29523400 Exception <a 'java/io/IOException'> (0x0ce7fda0) thrown at [C:\workspace\8-2-build-windows-i586-cygwin\jdk8u191\11896\hotspot\src\share\vm\prims\jni.cpp, line 709]
Event: 287662.260 Thread 0x29523400 Exception <a 'java/io/IOException'> (0x0ce7fb28) thrown at [C:\workspace\8-2-build-windows-i586-cygwin\jdk8u191\11896\hotspot\src\share\vm\prims\jni.cpp, line 709]
Event: 287666.375 Thread 0x29521400 Exception <a 'java/lang/OutOfMemoryError'> (0x0f1330d8) thrown at [C:\workspace\8-2-build-windows-i586-cygwin\jdk8u191\11896\hotspot\src\share\vm\gc_interface/collectedHeap.inline.hpp, line 159]
Event: 287670.528 Thread 0x29524000 Exception <a 'java/lang/OutOfMemoryError'> (0x0f0f9dd8) thrown at [C:\workspace\8-2-build-windows-i586-cygwin\jdk8u191\11896\hotspot\src\share\vm\gc_interface/collectedHeap.inline.hpp, line 159]
Event: 287674.688 Thread 0x2951e800 Exception <a 'java/lang/OutOfMemoryError'> (0x0f0f9dd8) thrown at [C:\workspace\8-2-build-windows-i586-cygwin\jdk8u191\11896\hotspot\src\share\vm\gc_interface/collectedHeap.inline.hpp, line 159]
Event: 287684.614 Thread 0x2951f400 Exception <a 'java/lang/OutOfMemoryError'> (0x0f0f9dd8) thrown at [C:\workspace\8-2-build-windows-i586-cygwin\jdk8u191\11896\hotspot\src\share\vm\gc_interface/collectedHeap.inline.hpp, line 159]
Event: 287690.399 Thread 0x2780c800 Exception <a 'java/lang/OutOfMemoryError'> (0x0f0f9dd8) thrown at [C:\workspace\8-2-build-windows-i586-cygwin\jdk8u191\11896\hotspot\src\share\vm\gc_interface/collectedHeap.inline.hpp, line 159]
Event: 287693.127 Thread 0x2721d000 Exception <a 'java/lang/OutOfMemoryError'> (0x0f0f9dd8) thrown at [C:\workspace\8-2-build-windows-i586-cygwin\jdk8u191\11896\hotspot\src\share\vm\gc_interface/collectedHeap.inline.hpp, line 159]

Events (10 events):
Event: 287684.614 Executing VM operation: GenCollectForAllocation done
Event: 287684.614 Executing VM operation: GenCollectForAllocation
Event: 287686.082 Executing VM operation: GenCollectForAllocation done
Event: 287686.082 Executing VM operation: GenCollectForAllocation
Event: 287687.394 Executing VM operation: GenCollectForAllocation done
Event: 287687.394 Executing VM operation: GenCollectForAllocation
Event: 287690.399 Executing VM operation: GenCollectForAllocation done
Event: 287690.399 Executing VM operation: GenCollectForAllocation
Event: 287693.127 Executing VM operation: GenCollectForAllocation done
Event: 287693.127 Executing VM operation: GenCollectForAllocation


Dynamic libraries:
0x01170000 - 0x011a3000 	C:\Program Files (x86)\Arduino\java\bin\javaw.exe
0x77310000 - 0x774a0000 	C:\WINDOWS\SYSTEM32\ntdll.dll
0x75210000 - 0x752f0000 	C:\WINDOWS\System32\KERNEL32.DLL
0x75ef0000 - 0x760d4000 	C:\WINDOWS\System32\KERNELBASE.dll
0x76510000 - 0x76588000 	C:\WINDOWS\System32\ADVAPI32.dll
0x77120000 - 0x771df000 	C:\WINDOWS\System32\msvcrt.dll
0x75460000 - 0x754a4000 	C:\WINDOWS\System32\sechost.dll
0x76e80000 - 0x76f40000 	C:\WINDOWS\System32\RPCRT4.dll
0x73bd0000 - 0x73bf0000 	C:\WINDOWS\System32\SspiCli.dll
0x73bc0000 - 0x73bca000 	C:\WINDOWS\System32\CRYPTBASE.dll
0x755d0000 - 0x75627000 	C:\WINDOWS\System32\bcryptPrimitives.dll
0x76590000 - 0x7671d000 	C:\WINDOWS\System32\USER32.dll
0x771e0000 - 0x771f7000 	C:\WINDOWS\System32\win32u.dll
0x754b0000 - 0x754d2000 	C:\WINDOWS\System32\GDI32.dll
0x76a70000 - 0x76bd4000 	C:\WINDOWS\System32\gdi32full.dll
0x75e70000 - 0x75eed000 	C:\WINDOWS\System32\msvcp_win.dll
0x76800000 - 0x7691d000 	C:\WINDOWS\System32\ucrtbase.dll
0x6c430000 - 0x6c634000 	C:\WINDOWS\WinSxS\x86_microsoft.windows.common-controls_6595b64144ccf1df_6.0.17134.885_none_42efda1e44e17f65\COMCTL32.dll
0x73bf0000 - 0x73e4c000 	C:\WINDOWS\System32\combase.dll
0x75630000 - 0x75656000 	C:\WINDOWS\System32\IMM32.DLL
0x6c9e0000 - 0x6ca9f000 	C:\Program Files (x86)\Arduino\java\bin\msvcr100.dll
0x63220000 - 0x635f3000 	C:\Program Files (x86)\Arduino\java\bin\client\jvm.dll
0x76740000 - 0x76746000 	C:\WINDOWS\System32\PSAPI.DLL
0x6fc10000 - 0x6fc18000 	C:\WINDOWS\SYSTEM32\WSOCK32.dll
0x751a0000 - 0x75207000 	C:\WINDOWS\System32\WS2_32.dll
0x72f20000 - 0x72f44000 	C:\WINDOWS\SYSTEM32\WINMM.dll
0x739a0000 - 0x739a8000 	C:\WINDOWS\SYSTEM32\VERSION.dll
0x72ef0000 - 0x72f13000 	C:\WINDOWS\SYSTEM32\WINMMBASE.dll
0x76750000 - 0x76789000 	C:\WINDOWS\System32\cfgmgr32.dll
0x6dda0000 - 0x6ddd0000 	C:\Program Files (x86)\Arduino\java\bin\splashscreen.dll
0x715e0000 - 0x7165c000 	C:\WINDOWS\system32\uxtheme.dll
0x6dd90000 - 0x6dd9c000 	C:\Program Files (x86)\Arduino\java\bin\verify.dll
0x6dd60000 - 0x6dd82000 	C:\Program Files (x86)\Arduino\java\bin\java.dll
0x76f40000 - 0x77083000 	C:\WINDOWS\System32\MSCTF.dll
0x76bf0000 - 0x76c86000 	C:\WINDOWS\System32\OLEAUT32.dll
0x6cbd0000 - 0x6cbe4000 	C:\Program Files (x86)\Arduino\java\bin\zip.dll
0x76720000 - 0x7672f000 	C:\WINDOWS\System32\kernel.appcore.dll
0x6e130000 - 0x6e1ad000 	C:\WINDOWS\System32\TextInputFramework.dll
0x6d2d0000 - 0x6d52d000 	C:\WINDOWS\System32\CoreUIComponents.dll
0x77090000 - 0x77118000 	C:\WINDOWS\System32\SHCORE.dll
0x6ddd0000 - 0x6de5b000 	C:\WINDOWS\System32\CoreMessaging.dll
0x6e030000 - 0x6e106000 	C:\WINDOWS\SYSTEM32\wintypes.dll
0x6e910000 - 0x6e939000 	C:\WINDOWS\SYSTEM32\ntmarta.dll
0x6e490000 - 0x6e4b3000 	C:\WINDOWS\system32\dwmapi.dll
0x71580000 - 0x715d6000 	C:\WINDOWS\system32\Oleacc.dll
0x73e50000 - 0x7519a000 	C:\WINDOWS\System32\SHELL32.dll
0x757b0000 - 0x75d6a000 	C:\WINDOWS\System32\windows.storage.dll
0x75d70000 - 0x75db5000 	C:\WINDOWS\System32\shlwapi.dll
0x77200000 - 0x77218000 	C:\WINDOWS\System32\profapi.dll
0x76920000 - 0x76965000 	C:\WINDOWS\System32\powrprof.dll
0x76be0000 - 0x76be8000 	C:\WINDOWS\System32\FLTLIB.DLL
0x61940000 - 0x619b3000 	C:\Program Files (x86)\Arduino\lib\listSerialsj.dll
0x760e0000 - 0x7650b000 	C:\WINDOWS\System32\SETUPAPI.dll
0x6cbb0000 - 0x6cbcd000 	C:\Program Files (x86)\Arduino\lib\jnidispatch-4.2.2-win32-x86.dll
0x76970000 - 0x76a6c000 	C:\WINDOWS\System32\Ole32.dll
0x6cb90000 - 0x6cba5000 	C:\Program Files (x86)\Arduino\java\bin\net.dll
0x6fa20000 - 0x6fa76000 	C:\WINDOWS\system32\mswsock.dll
0x6cb80000 - 0x6cb8f000 	C:\Program Files (x86)\Arduino\java\bin\nio.dll
0x67680000 - 0x677c7000 	C:\Program Files (x86)\Arduino\java\bin\awt.dll
0x6caa0000 - 0x6cb3d000 	C:\WINDOWS\SYSTEM32\apphelp.dll
0x6c9a0000 - 0x6c9d9000 	C:\Program Files (x86)\Arduino\java\bin\fontmanager.dll
0x68e00000 - 0x68ed9000 	C:\WINDOWS\system32\opengl32.dll
0x6c8a0000 - 0x6c8df000 	C:\WINDOWS\SYSTEM32\GLU32.dll
0x69020000 - 0x69052000 	C:\Program Files (x86)\Arduino\java\bin\t2k.dll
0x6eeb0000 - 0x6eed2000 	C:\WINDOWS\SYSTEM32\DEVOBJ.dll
0x76c90000 - 0x76cd7000 	C:\WINDOWS\System32\WINTRUST.dll
0x767f0000 - 0x767fe000 	C:\WINDOWS\System32\MSASN1.dll
0x76ce0000 - 0x76e76000 	C:\WINDOWS\System32\CRYPT32.dll
0x71030000 - 0x71060000 	C:\WINDOWS\SYSTEM32\IPHLPAPI.DLL
0x75660000 - 0x75667000 	C:\WINDOWS\System32\NSI.dll
0x6e510000 - 0x6e523000 	C:\WINDOWS\SYSTEM32\dhcpcsvc6.DLL
0x6e530000 - 0x6e544000 	C:\WINDOWS\SYSTEM32\dhcpcsvc.DLL
0x6dec0000 - 0x6df4e000 	C:\WINDOWS\SYSTEM32\DNSAPI.dll
0x6dd50000 - 0x6dd58000 	C:\Windows\System32\rasadhlp.dll
0x6dc70000 - 0x6dcbf000 	C:\WINDOWS\System32\fwpuclnt.dll
0x71010000 - 0x71029000 	C:\WINDOWS\SYSTEM32\bcrypt.dll
0x682e0000 - 0x68349000 	C:\Program Files (x86)\Arduino\msvcp100.dll
0x681a0000 - 0x6825e000 	C:\Program Files (x86)\Arduino\msvcr100.dll
0x27c40000 - 0x27c72000 	C:\Program Files (x86)\Arduino\lib\AStylej.dll
0x68f30000 - 0x68f54000 	C:\Program Files (x86)\Arduino\java\bin\dcpr.dll
0x75540000 - 0x755c3000 	C:\WINDOWS\System32\clbcatq.dll
0x63c50000 - 0x63dc1000 	C:\WINDOWS\SYSTEM32\WindowsCodecs.dll
0x67570000 - 0x675bf000 	C:\WINDOWS\system32\dataexchange.dll
0x67430000 - 0x6756c000 	C:\WINDOWS\system32\dcomp.dll
0x66240000 - 0x66492000 	C:\WINDOWS\system32\d3d11.dll
0x67110000 - 0x671a8000 	C:\WINDOWS\system32\dxgi.dll
0x6ce20000 - 0x6cf85000 	C:\WINDOWS\system32\twinapi.appcore.dll
0x6ce00000 - 0x6ce1a000 	C:\WINDOWS\system32\RMCLIENT.dll
0x6cb60000 - 0x6cb80000 	C:\Program Files (x86)\Arduino\java\bin\sunec.dll
0x6fa00000 - 0x6fa13000 	C:\WINDOWS\SYSTEM32\CRYPTSP.dll
0x6f9d0000 - 0x6f9ff000 	C:\WINDOWS\system32\rsaenh.dll
0x739b0000 - 0x739d1000 	C:\WINDOWS\SYSTEM32\USERENV.dll
0x6c990000 - 0x6c999000 	C:\Program Files (x86)\Arduino\java\bin\sunmscapi.dll
0x64000000 - 0x6401b000 	C:\Users\al\.jssc\windows\jSSC-2.8_x86.dll
0x6cc00000 - 0x6cc53000 	C:\WINDOWS\system32\Ninput.dll
0x71060000 - 0x711e0000 	C:\WINDOWS\SYSTEM32\PROPSYS.dll
0x68260000 - 0x6829d000 	C:\WINDOWS\SYSTEM32\edputil.dll
0x6c7f0000 - 0x6c87b000 	C:\Windows\System32\Windows.StateRepositoryPS.dll
0x716e0000 - 0x7187d000 	C:\WINDOWS\SYSTEM32\urlmon.dll
0x711e0000 - 0x71408000 	C:\WINDOWS\SYSTEM32\iertutil.dll
0x68830000 - 0x6884a000 	C:\WINDOWS\SYSTEM32\CLDAPI.dll
0x68ff0000 - 0x69008000 	C:\WINDOWS\SYSTEM32\MPR.dll
0x5fa10000 - 0x5fa20000 	C:\WINDOWS\SYSTEM32\pcacli.dll
0x56080000 - 0x56090000 	C:\WINDOWS\System32\sfc_os.dll
0x75670000 - 0x75746000 	C:\WINDOWS\System32\COMDLG32.dll
0x63170000 - 0x631f5000 	C:\Program Files (x86)\Common Files\microsoft shared\ink\tiptsf.dll
0x68ce0000 - 0x68ced000 	C:\WINDOWS\SYSTEM32\atlthunk.dll
0x5f8e0000 - 0x5fa04000 	C:\WINDOWS\system32\NetworkExplorer.dll
0x555b0000 - 0x555fa000 	C:\Windows\System32\thumbcache.dll
0x68350000 - 0x68418000 	C:\WINDOWS\SYSTEM32\ntshrui.dll
0x68ee0000 - 0x68efc000 	C:\WINDOWS\SYSTEM32\srvcli.dll
0x6bec0000 - 0x6becf000 	C:\WINDOWS\SYSTEM32\cscapi.dll
0x68420000 - 0x684a4000 	C:\WINDOWS\System32\StructuredQuery.dll
0x600a0000 - 0x6010d000 	C:\WINDOWS\SYSTEM32\policymanager.dll
0x67dc0000 - 0x67e27000 	C:\WINDOWS\SYSTEM32\msvcp110_win.dll
0x68070000 - 0x68118000 	C:\WINDOWS\system32\Windows.Storage.Search.dll
0x55260000 - 0x552b4000 	C:\Program Files (x86)\Dropbox\Client\DropboxExt.27.0.dll
0x54de0000 - 0x54e3c000 	C:\WINDOWS\system32\PhotoMetadataHandler.dll
0x2ea50000 - 0x2eb8d000 	C:\Users\al\AppData\Local\Microsoft\OneDrive\19.123.0624.0005\FileSyncShell.dll
0x73b50000 - 0x73b5f000 	C:\WINDOWS\SYSTEM32\WTSAPI32.dll
0x6e940000 - 0x6ed94000 	C:\WINDOWS\SYSTEM32\WININET.dll
0x68970000 - 0x68c98000 	C:\Windows\System32\OneCoreUAPCommonProxyStub.dll
0x73630000 - 0x737b2000 	C:\WINDOWS\SYSTEM32\dbghelp.dll

VM Arguments:
jvm_args: -Dsun.java2d.d3d=false -Djna.nosys=true -Djna.nounpack=true -Djna.boot.library.name=jnidispatch-4.2.2-win32-x86 -Djna.boot.library.path=C:\Program Files (x86)\Arduino/lib -Djssc.library.path=C:\Program Files (x86)\Arduino/lib -DAPP_DIR=C:\Program Files (x86)\Arduino -Xms128M -Xmx512M -Dfile.encoding=UTF8 
java_command: processing.app.Base D:\data\Arduino\sketchs\sweet_home\single_nrf\single_nrf.ino
java_class_path (initial): C:\Program Files (x86)\Arduino\lib\apple.jar;C:\Program Files (x86)\Arduino\lib\arduino-core.jar;C:\Program Files (x86)\Arduino\lib\batik-1.8.jar;C:\Program Files (x86)\Arduino\lib\batik-anim-1.8.jar;C:\Program Files (x86)\Arduino\lib\batik-awt-util-1.8.jar;C:\Program Files (x86)\Arduino\lib\batik-bridge-1.8.jar;C:\Program Files (x86)\Arduino\lib\batik-codec-1.8.jar;C:\Program Files (x86)\Arduino\lib\batik-css-1.8.jar;C:\Program Files (x86)\Arduino\lib\batik-dom-1.8.jar;C:\Program Files (x86)\Arduino\lib\batik-ext-1.8.jar;C:\Program Files (x86)\Arduino\lib\batik-gvt-1.8.jar;C:\Program Files (x86)\Arduino\lib\batik-parser-1.8.jar;C:\Program Files (x86)\Arduino\lib\batik-rasterizer-1.8.jar;C:\Program Files (x86)\Arduino\lib\batik-script-1.8.jar;C:\Program Files (x86)\Arduino\lib\batik-squiggle-1.8.jar;C:\Program Files (x86)\Arduino\lib\batik-svg-dom-1.8.jar;C:\Program Files (x86)\Arduino\lib\batik-svgpp-1.8.jar;C:\Program Files (x86)\Arduino\lib\batik-transcoder-1.8.jar;C:\Program Files (x86)\Arduino\lib\batik-util-1.8.jar;C:\Program Files (x86)\Arduino\lib\batik-xml-1.8.jar;C:\Program Files (x86)\Arduino\lib\bcpg-jdk15on-152.jar;C:\Program Files (x86)\Arduino\lib\bcprov-jdk15on-152.jar;C:\Program Files (x86)\Arduino\lib\commons-codec-1.7.jar;C:\Program Files (x86)\Arduino\lib\commons-compress-1.8.jar;C:\Program Files (x86)\Arduino\lib\commons-exec-1.1.jar;C:\Program Files (x86)\Arduino\lib\commons-httpclient-3.1.jar;C:\Program Files (x86)\Arduino\lib\commons-lang3-3.3.2.jar;C:\Program Files (x86)\Arduino\lib\commons-logging-1.0.4.jar;C:\Program Files (x86)\Arduino\lib\commons-net-3.3.jar;C:\Program Files (x86)\Arduino\lib\jackson-annotations-2.9.5.jar;C:\Program Files (x86)\Arduino\lib\jackson-core-2.9.5.jar;C:\Program Files (x86)\Arduino\lib\jackson-databind-2.9.5.jar;C:\Program Files (x86)\Arduino\lib\jackson-module-mrbean-2.9.5.jar;C:\Program Files (x86)\Arduino\lib\java-semver-0.8.0.jar;C:\Program Files (x86)\Arduino\lib\jmdns-3.5.3.j
Launcher Type: SUN_STANDARD

Environment Variables:
PATH=C:\Program Files (x86)\Intel\iCLS Client\;C:\Program Files\Intel\iCLS Client\;C:\WINDOWS\system32;C:\WINDOWS;C:\WINDOWS\System32\Wbem;C:\WINDOWS\System32\WindowsPowerShell\v1.0\;C:\Program Files\ThinkPad\Bluetooth Software\;C:\Program Files\ThinkPad\Bluetooth Software\syswow64;;C:\Program Files\Intel\WiFi\bin\;C:\Program Files\Common Files\Intel\WirelessCommon\;C:\Program Files (x86)\Intel\OpenCL SDK\2.0\bin\x86;C:\Program Files (x86)\Intel\OpenCL SDK\2.0\bin\x64;C:\ProgramData\Lenovo\ReadyApps;C:\Program Files (x86)\Calibre2\;C:\Program Files (x86)\Skype\Phone\;C:\Program Files (x86)\PuTTY\;C:\WINDOWS\System32\OpenSSH\;C:\Program Files (x86)\Intel\Intel(R) Management Engine Components\DAL;C:\Program Files\Intel\Intel(R) Management Engine Components\DAL;C:\Program Files (x86)\Intel\Intel(R) Management Engine Components\IPT;C:\Program Files\Intel\Intel(R) Management Engine Components\IPT;C:\Program Files (x86)\IDM Computer Solutions\UltraEdit-32;C:\Users\al\AppData\Local\Microsoft\WindowsApps;C:\Program Files (x86)\HMA! Pro VPN\bin;;C:\Users\al\AppData\Local\Programs\Microsoft VS Code\bin;C:\Program Files (x86)\Arduino\java\bin
USERNAME=al
OS=Windows_NT
PROCESSOR_IDENTIFIER=Intel64 Family 6 Model 58 Stepping 9, GenuineIntel



---------------  S Y S T E M  ---------------

OS: Windows 10.0 , 64 bit Build 17134 (10.0.17134.753)

CPU:total 4 (initial active 4) (2 cores per cpu, 2 threads per core) family 6 model 58 stepping 9, cmov, cx8, fxsr, mmx, sse, sse2, sse3, ssse3, sse4.1, sse4.2, popcnt, avx, aes, clmul, erms, ht, tsc, tscinvbit, tscinv

Memory: 4k page, physical 8203164k(1958568k free), swap 15256808k(2756412k free)

vm_info: Java HotSpot(TM) Client VM (25.191-b12) for windows-x86 JRE (1.8.0_191-b12), built on Oct  6 2018 08:34:23 by "java_re" with MS VC++ 10.0 (VS2010)

time: Wed Aug 07 19:21:49 2019
elapsed time: 287693 seconds (3d 7h 54m 53s)

